2025-03-24T09:18:10.617+09:00  INFO 7217 --- [spring-starter] [main] c.a.basic.SpringStarterApplication       : Starting SpringStarterApplication using Java 17.0.4.1 with PID 7217 (/Users/mohamedabdelrehim/Downloads/ToDoApplication/todo-backend/build/classes/java/main started by mohamedabdelrehim in /Users/mohamedabdelrehim/Downloads/ToDoApplication/todo-backend)
2025-03-24T09:18:10.621+09:00 DEBUG 7217 --- [spring-starter] [main] c.a.basic.SpringStarterApplication       : Running with Spring Boot v3.4.2, Spring v6.2.2
2025-03-24T09:18:10.622+09:00  INFO 7217 --- [spring-starter] [main] c.a.basic.SpringStarterApplication       : No active profile set, falling back to 1 default profile: "default"
2025-03-24T09:18:11.245+09:00  INFO 7217 --- [spring-starter] [main] .s.d.r.c.RepositoryConfigurationDelegate : Bootstrapping Spring Data JPA repositories in DEFAULT mode.
2025-03-24T09:18:11.285+09:00  INFO 7217 --- [spring-starter] [main] .s.d.r.c.RepositoryConfigurationDelegate : Finished Spring Data repository scanning in 34 ms. Found 4 JPA repository interfaces.
2025-03-24T09:18:11.582+09:00  INFO 7217 --- [spring-starter] [main] o.s.b.w.embedded.tomcat.TomcatWebServer  : Tomcat initialized with port 8080 (http)
2025-03-24T09:18:11.589+09:00  INFO 7217 --- [spring-starter] [main] o.apache.catalina.core.StandardService   : Starting service [Tomcat]
2025-03-24T09:18:11.590+09:00  INFO 7217 --- [spring-starter] [main] o.apache.catalina.core.StandardEngine    : Starting Servlet engine: [Apache Tomcat/10.1.34]
2025-03-24T09:18:11.620+09:00  INFO 7217 --- [spring-starter] [main] o.a.c.c.C.[Tomcat].[localhost].[/]       : Initializing Spring embedded WebApplicationContext
2025-03-24T09:18:11.620+09:00  INFO 7217 --- [spring-starter] [main] w.s.c.ServletWebServerApplicationContext : Root WebApplicationContext: initialization completed in 972 ms
2025-03-24T09:18:11.704+09:00  INFO 7217 --- [spring-starter] [main] o.hibernate.jpa.internal.util.LogHelper  : HHH000204: Processing PersistenceUnitInfo [name: default]
2025-03-24T09:18:11.740+09:00  INFO 7217 --- [spring-starter] [main] org.hibernate.Version                    : HHH000412: Hibernate ORM core version 6.6.5.Final
2025-03-24T09:18:11.762+09:00  INFO 7217 --- [spring-starter] [main] o.h.c.internal.RegionFactoryInitiator    : HHH000026: Second-level cache disabled
2025-03-24T09:18:11.929+09:00  INFO 7217 --- [spring-starter] [main] o.s.o.j.p.SpringPersistenceUnitInfo      : No LoadTimeWeaver setup: ignoring JPA class transformer
2025-03-24T09:18:11.946+09:00  INFO 7217 --- [spring-starter] [main] com.zaxxer.hikari.HikariDataSource       : HikariPool-1 - Starting...
2025-03-24T09:18:12.011+09:00  INFO 7217 --- [spring-starter] [main] com.zaxxer.hikari.pool.HikariPool        : HikariPool-1 - Added connection org.postgresql.jdbc.PgConnection@38d525aa
2025-03-24T09:18:12.012+09:00  INFO 7217 --- [spring-starter] [main] com.zaxxer.hikari.HikariDataSource       : HikariPool-1 - Start completed.
2025-03-24T09:18:12.038+09:00  WARN 7217 --- [spring-starter] [main] org.hibernate.orm.deprecation            : HHH90000025: PostgreSQLDialect does not need to be specified explicitly using 'hibernate.dialect' (remove the property setting and it will be selected by default)
2025-03-24T09:18:12.050+09:00  INFO 7217 --- [spring-starter] [main] org.hibernate.orm.connections.pooling    : HHH10001005: Database info:
	Database JDBC URL [Connecting through datasource 'HikariDataSource (HikariPool-1)']
	Database driver: undefined/unknown
	Database version: 15.11
	Autocommit mode: undefined/unknown
	Isolation level: undefined/unknown
	Minimum pool size: undefined/unknown
	Maximum pool size: undefined/unknown
2025-03-24T09:18:12.582+09:00  INFO 7217 --- [spring-starter] [main] o.h.e.t.j.p.i.JtaPlatformInitiator       : HHH000489: No JTA platform available (set 'hibernate.transaction.jta.platform' to enable JTA platform integration)
2025-03-24T09:18:12.887+09:00  INFO 7217 --- [spring-starter] [main] j.LocalContainerEntityManagerFactoryBean : Initialized JPA EntityManagerFactory for persistence unit 'default'
2025-03-24T09:18:13.027+09:00  INFO 7217 --- [spring-starter] [main] o.s.d.j.r.query.QueryEnhancerFactory     : Hibernate is in classpath; If applicable, HQL parser will be used.
2025-03-24T09:18:13.751+09:00  WARN 7217 --- [spring-starter] [main] JpaBaseConfiguration$JpaWebConfiguration : spring.jpa.open-in-view is enabled by default. Therefore, database queries may be performed during view rendering. Explicitly configure spring.jpa.open-in-view to disable this warning
2025-03-24T09:18:14.206+09:00  INFO 7217 --- [spring-starter] [main] o.s.b.w.embedded.tomcat.TomcatWebServer  : Tomcat started on port 8080 (http) with context path '/'
2025-03-24T09:18:14.221+09:00  INFO 7217 --- [spring-starter] [main] c.a.basic.SpringStarterApplication       : Started SpringStarterApplication in 3.937 seconds (process running for 4.283)
2025-03-24T09:18:17.932+09:00  INFO 7217 --- [spring-starter] [http-nio-8080-exec-1] o.a.c.c.C.[Tomcat].[localhost].[/]       : Initializing Spring DispatcherServlet 'dispatcherServlet'
2025-03-24T09:18:17.933+09:00  INFO 7217 --- [spring-starter] [http-nio-8080-exec-1] o.s.web.servlet.DispatcherServlet        : Initializing Servlet 'dispatcherServlet'
2025-03-24T09:18:17.934+09:00  INFO 7217 --- [spring-starter] [http-nio-8080-exec-1] o.s.web.servlet.DispatcherServlet        : Completed initialization in 1 ms
2025-03-24T09:18:18.035+09:00 ERROR 7217 --- [spring-starter] [http-nio-8080-exec-1] c.a.basic.controller.NoteController      : An error occured while creating the note. Details: JWT expired at 2025-03-22T09:36:48Z. Current time: 2025-03-24T00:18:18Z, a difference of 139290035 milliseconds.  Allowed clock skew: 0 milliseconds.
2025-03-24T09:18:20.886+09:00 ERROR 7217 --- [spring-starter] [http-nio-8080-exec-2] c.a.basic.controller.NoteController      : An error occured while creating the note. Details: JWT expired at 2025-03-22T09:36:48Z. Current time: 2025-03-24T00:18:20Z, a difference of 139292886 milliseconds.  Allowed clock skew: 0 milliseconds.
2025-03-24T09:18:42.531+09:00 DEBUG 7217 --- [spring-starter] [http-nio-8080-exec-3] c.anchorsbiz.basic.service.UserService   : attempting login for user: mohamed89
2025-03-24T09:18:42.699+09:00 DEBUG 7217 --- [spring-starter] [http-nio-8080-exec-3] org.hibernate.SQL                        : select u1_0.id,u1_0.address,u1_0.email,u1_0.first_name,u1_0.last_name,u1_0.password,u1_0.phone_number,u1_0.username from users u1_0 where u1_0.username=?
2025-03-24T09:19:10.769+09:00 DEBUG 7217 --- [spring-starter] [http-nio-8080-exec-4] c.a.basic.controller.NoteController      : Creating note for user ID: 19
2025-03-24T09:19:10.785+09:00 DEBUG 7217 --- [spring-starter] [http-nio-8080-exec-4] org.hibernate.SQL                        : select u1_0.id,u1_0.address,u1_0.email,u1_0.first_name,u1_0.last_name,u1_0.password,u1_0.phone_number,u1_0.username from users u1_0 where u1_0.id=?
2025-03-24T09:19:10.798+09:00 DEBUG 7217 --- [spring-starter] [http-nio-8080-exec-4] org.hibernate.SQL                        : insert into notes (created_date,description,title,updated_date,user_id) values (?,?,?,?,?)
2025-03-24T09:19:15.990+09:00 DEBUG 7217 --- [spring-starter] [http-nio-8080-exec-5] org.hibernate.SQL                        : select n1_0.id,n1_0.created_date,n1_0.description,n1_0.title,n1_0.updated_date,n1_0.user_id from notes n1_0 where n1_0.user_id=?
